ERROR - 2025-05-16 09:57:30 --> mysqli_sql_exception: Table 'newsletters.users' doesn't exist in /var/www/html/mvc/system/Database/MySQLi/Connection.php:327
Stack trace:
#0 /var/www/html/mvc/system/Database/MySQLi/Connection.php(327): mysqli->query('SELECT * FROM u...', 0)
#1 /var/www/html/mvc/system/Database/BaseConnection.php(738): CodeIgniter\Database\MySQLi\Connection->execute('SELECT * FROM u...')
#2 /var/www/html/mvc/system/Database/BaseConnection.php(652): CodeIgniter\Database\BaseConnection->simpleQuery('SELECT * FROM u...')
#3 /var/www/html/mvc/app/Models/Login.php(16): CodeIgniter\Database\BaseConnection->query('SELECT * FROM u...')
#4 /var/www/html/mvc/app/Controllers/Login.php(13): App\Models\Login->sign_in('test9', 'test9')
#5 /var/www/html/mvc/system/CodeIgniter.php(933): App\Controllers\Login->login()
#6 /var/www/html/mvc/system/CodeIgniter.php(507): CodeIgniter\CodeIgniter->runController(Object(App\Controllers\Login))
#7 /var/www/html/mvc/system/CodeIgniter.php(354): CodeIgniter\CodeIgniter->handleRequest(NULL, Object(Config\Cache), false)
#8 /var/www/html/mvc/system/Boot.php(334): CodeIgniter\CodeIgniter->run()
#9 /var/www/html/mvc/system/Boot.php(67): CodeIgniter\Boot::runCodeIgniter(Object(CodeIgniter\CodeIgniter))
#10 /var/www/html/mvc/public/index.php(59): CodeIgniter\Boot::bootWeb(Object(Config\Paths))
#11 {main}
CRITICAL - 2025-05-16 09:57:30 --> CodeIgniter\Database\Exceptions\DatabaseException: Table 'newsletters.users' doesn't exist
[Method: POST, Route: login]
in SYSTEMPATH/Database/BaseConnection.php on line 692.
 1 APPPATH/Models/Login.php(16): CodeIgniter\Database\BaseConnection->query('SELECT * FROM users WHERE username = \'test9\' AND password = \'19745031bb86fcae36d3e3c0ad440239a56fff8bbbcb0c15c091f8ac142bf23d\' LIMIT 1')
 2 APPPATH/Controllers/Login.php(13): App\Models\Login->sign_in('test9', 'test9')
 3 SYSTEMPATH/CodeIgniter.php(933): App\Controllers\Login->login()
 4 SYSTEMPATH/CodeIgniter.php(507): CodeIgniter\CodeIgniter->runController(Object(App\Controllers\Login))
 5 SYSTEMPATH/CodeIgniter.php(354): CodeIgniter\CodeIgniter->handleRequest(null, Object(Config\Cache), false)
 6 SYSTEMPATH/Boot.php(334): CodeIgniter\CodeIgniter->run()
 7 SYSTEMPATH/Boot.php(67): CodeIgniter\Boot::runCodeIgniter(Object(CodeIgniter\CodeIgniter))
 8 FCPATH/index.php(59): CodeIgniter\Boot::bootWeb(Object(Config\Paths))
CRITICAL - 2025-05-16 09:57:30 --> [Caused by] CodeIgniter\Database\Exceptions\DatabaseException: Table 'newsletters.users' doesn't exist
in SYSTEMPATH/Database/MySQLi/Connection.php on line 332.
 1 SYSTEMPATH/Database/BaseConnection.php(738): CodeIgniter\Database\MySQLi\Connection->execute('SELECT * FROM users WHERE username = \'test9\' AND password = \'19745031bb86fcae36d3e3c0ad440239a56fff8bbbcb0c15c091f8ac142bf23d\' LIMIT 1')
 2 SYSTEMPATH/Database/BaseConnection.php(652): CodeIgniter\Database\BaseConnection->simpleQuery('SELECT * FROM users WHERE username = \'test9\' AND password = \'19745031bb86fcae36d3e3c0ad440239a56fff8bbbcb0c15c091f8ac142bf23d\' LIMIT 1')
 3 APPPATH/Models/Login.php(16): CodeIgniter\Database\BaseConnection->query('SELECT * FROM users WHERE username = \'test9\' AND password = \'19745031bb86fcae36d3e3c0ad440239a56fff8bbbcb0c15c091f8ac142bf23d\' LIMIT 1')
 4 APPPATH/Controllers/Login.php(13): App\Models\Login->sign_in('test9', 'test9')
 5 SYSTEMPATH/CodeIgniter.php(933): App\Controllers\Login->login()
 6 SYSTEMPATH/CodeIgniter.php(507): CodeIgniter\CodeIgniter->runController(Object(App\Controllers\Login))
 7 SYSTEMPATH/CodeIgniter.php(354): CodeIgniter\CodeIgniter->handleRequest(null, Object(Config\Cache), false)
 8 SYSTEMPATH/Boot.php(334): CodeIgniter\CodeIgniter->run()
 9 SYSTEMPATH/Boot.php(67): CodeIgniter\Boot::runCodeIgniter(Object(CodeIgniter\CodeIgniter))
10 FCPATH/index.php(59): CodeIgniter\Boot::bootWeb(Object(Config\Paths))
CRITICAL - 2025-05-16 09:57:30 --> [Caused by] mysqli_sql_exception: Table 'newsletters.users' doesn't exist
in SYSTEMPATH/Database/MySQLi/Connection.php on line 327.
 1 SYSTEMPATH/Database/MySQLi/Connection.php(327): mysqli->query('SELECT * FROM users WHERE username = \'test9\' AND password = \'19745031bb86fcae36d3e3c0ad440239a56fff8bbbcb0c15c091f8ac142bf23d\' LIMIT 1', 0)
 2 SYSTEMPATH/Database/BaseConnection.php(738): CodeIgniter\Database\MySQLi\Connection->execute('SELECT * FROM users WHERE username = \'test9\' AND password = \'19745031bb86fcae36d3e3c0ad440239a56fff8bbbcb0c15c091f8ac142bf23d\' LIMIT 1')
 3 SYSTEMPATH/Database/BaseConnection.php(652): CodeIgniter\Database\BaseConnection->simpleQuery('SELECT * FROM users WHERE username = \'test9\' AND password = \'19745031bb86fcae36d3e3c0ad440239a56fff8bbbcb0c15c091f8ac142bf23d\' LIMIT 1')
 4 APPPATH/Models/Login.php(16): CodeIgniter\Database\BaseConnection->query('SELECT * FROM users WHERE username = \'test9\' AND password = \'19745031bb86fcae36d3e3c0ad440239a56fff8bbbcb0c15c091f8ac142bf23d\' LIMIT 1')
 5 APPPATH/Controllers/Login.php(13): App\Models\Login->sign_in('test9', 'test9')
 6 SYSTEMPATH/CodeIgniter.php(933): App\Controllers\Login->login()
 7 SYSTEMPATH/CodeIgniter.php(507): CodeIgniter\CodeIgniter->runController(Object(App\Controllers\Login))
 8 SYSTEMPATH/CodeIgniter.php(354): CodeIgniter\CodeIgniter->handleRequest(null, Object(Config\Cache), false)
 9 SYSTEMPATH/Boot.php(334): CodeIgniter\CodeIgniter->run()
10 SYSTEMPATH/Boot.php(67): CodeIgniter\Boot::runCodeIgniter(Object(CodeIgniter\CodeIgniter))
11 FCPATH/index.php(59): CodeIgniter\Boot::bootWeb(Object(Config\Paths))
CRITICAL - 2025-05-16 09:58:22 --> Error: Call to undefined method CodeIgniter\Database\MySQLi\Result::fetch_assoc()
[Method: POST, Route: login]
in APPPATH/Models/Login.php on line 25.
 1 APPPATH/Controllers/Login.php(13): App\Models\Login->sign_in('test9', 'test9')
 2 SYSTEMPATH/CodeIgniter.php(933): App\Controllers\Login->login()
 3 SYSTEMPATH/CodeIgniter.php(507): CodeIgniter\CodeIgniter->runController(Object(App\Controllers\Login))
 4 SYSTEMPATH/CodeIgniter.php(354): CodeIgniter\CodeIgniter->handleRequest(null, Object(Config\Cache), false)
 5 SYSTEMPATH/Boot.php(334): CodeIgniter\CodeIgniter->run()
 6 SYSTEMPATH/Boot.php(67): CodeIgniter\Boot::runCodeIgniter(Object(CodeIgniter\CodeIgniter))
 7 FCPATH/index.php(59): CodeIgniter\Boot::bootWeb(Object(Config\Paths))
CRITICAL - 2025-05-16 09:58:26 --> Error: Call to undefined method CodeIgniter\Database\MySQLi\Result::fetch_assoc()
[Method: POST, Route: login]
in APPPATH/Models/Login.php on line 25.
 1 APPPATH/Controllers/Login.php(13): App\Models\Login->sign_in('test9', 'test9')
 2 SYSTEMPATH/CodeIgniter.php(933): App\Controllers\Login->login()
 3 SYSTEMPATH/CodeIgniter.php(507): CodeIgniter\CodeIgniter->runController(Object(App\Controllers\Login))
 4 SYSTEMPATH/CodeIgniter.php(354): CodeIgniter\CodeIgniter->handleRequest(null, Object(Config\Cache), false)
 5 SYSTEMPATH/Boot.php(334): CodeIgniter\CodeIgniter->run()
 6 SYSTEMPATH/Boot.php(67): CodeIgniter\Boot::runCodeIgniter(Object(CodeIgniter\CodeIgniter))
 7 FCPATH/index.php(59): CodeIgniter\Boot::bootWeb(Object(Config\Paths))
